ability.	1
allows	1
and	11
around	1
attempt	1
been	1
best	4
brutes.	1
buy,	1
can't	2
choice	1
consider	3
d'anconia.	1
default	1
desires.	1
driver.	1
effort,	1
ever	3
exchange	3
existence	1
find.	1
for	10
from	1
gold,	1
goods.	1
hadoop	2
hello	2
honor	1
injury,	1
invents	1
judgment	2
law	1
live	1
looters	1
man	5
mean?	1
mind	3
money.	3
moochers,	1
motions	1
must	3
not	17
of	50
one	2
own	2
payment	1
pieces	2
principle	2
produced.	1
products	1
recognition	2
reverse	1
satisfaction	1
seek	1
shoddiest	1
statement	1
suffering,	1
talent	1
than	1
them	1
there	2
this	4
token	1
trade	3
try	2
upon	1
voluntary	1
weakness	1
wheat	1
who	15
willing	1
with	2
worth	1
your	15
