ability	1
all	4
an	3
are	5
at	6
beasts	1
benefit,	1
bread	1
buy	1
can	3
causality	1
common	1
created	1
deals	1
desires,	1
do	2
effort	5
energy	1
except	2
existed	1
final	1
fools?	1
francisco	1
give	3
goods	3
had	1
he	2
honest	2
incompetent?	1
invent	1
it?	1
labor	1
left	1
looted	1
made	6
material	1
men's	1
money	20
moochers	1
more.	1
muscular	1
no	3
ocean	1
on	4
others.	1
paper,	1
physical	1
prescribe	1
produced	2
productiveness	1
reason;	1
return.	1
said	1
seed	1
shape	1
somewhere	1
stupidity,	1
take	3
tell	1
their	6
then	1
think.	1
to	21
tool.	1
transform	1
unthinking	1
values,	1
weak?	1
what	5
which	4
will.	1
wish,	1
world	4
you'll	1
