ability	1
all	1
all	1
all	1
all	1
an	1
an	1
an	1
are	1
are	1
are	1
are	1
are	1
at	1
at	1
at	1
at	1
at	1
at	1
beasts	1
benefit,	1
bread	1
buy	1
can	1
can	1
can	1
causality	1
common	1
created	1
deals	1
desires,	1
do	1
do	1
effort	1
effort	1
effort	1
effort	1
effort	1
energy	1
except	1
except	1
existed	1
final	1
fools?	1
francisco	1
give	1
give	1
give	1
goods	1
goods	1
goods	1
had	1
he	1
he	1
honest	1
honest	1
incompetent?	1
invent	1
it?	1
labor	1
left	1
looted	1
made	1
made	1
made	1
made	1
made	1
made	1
material	1
men's	1
money	1
money	1
money	1
money	1
money	1
money	1
money	1
money	1
money	1
money	1
money	1
money	1
money	1
money	1
money	1
money	1
money	1
money	1
money	1
money	1
moochers	1
more.	1
muscular	1
no	1
no	1
no	1
ocean	1
on	1
on	1
on	1
on	1
others.	1
paper,	1
physical	1
prescribe	1
produced	1
produced	1
productiveness	1
reason;	1
return.	1
said	1
seed	1
shape	1
somewhere	1
stupidity,	1
take	1
take	1
take	1
tell	1
their	1
their	1
their	1
their	1
their	1
their	1
then	1
think.	1
to	1
to	1
to	1
to	1
to	1
to	1
to	1
to	1
to	1
to	1
to	1
to	1
to	1
to	1
to	1
to	1
to	1
to	1
to	1
to	1
to	1
tool.	1
transform	1
unthinking	1
values,	1
weak?	1
what	1
what	1
what	1
what	1
what	1
which	1
which	1
which	1
which	1
will.	1
wish,	1
world	1
world	1
world	1
world	1
you'll	1
