a	1
a	1
a	1
a	1
a	1
a	1
a	1
accept	1
among	1
arbiter	1
asked	1
be	1
benefit	1
born	1
but	1
but	1
but	1
but	1
but	1
but	1
but	1
but	1
but	1
bye	1
carry	1
code	1
code	1
conviction	1
deal	1
deal	1
demands	1
demands	1
demands	1
discover	1
earth.	1
electric	1
evil?	1
evil?	1
evil?	1
evil?	1
exist	1
extent	1
food	1
force.	1
generator	1
goodbye	1
guns	1
guns	1
have	1
have	1
have	1
his	1
his	1
his	1
his	1
his	1
in	1
in	1
in	1
in	1
in	1
into	1
it	1
it	1
it	1
it	1
it	1
it	1
it	1
it	1
it	1
it	1
it	1
it	1
it	1
knows	1
learn	1
looked	1
loss	1
man,	1
men	1
men	1
men	1
men	1
men	1
men	1
men	1
men	1
men	1
men	1
men	1
men	1
men	1
misery	1
mooched	1
more	1
muscles.	1
need	1
obtain	1
obtain	1
offer,	1
or	1
or	1
or	1
or	1
paper	1
permits	1
permits	1
power	1
produce.	1
produce.	1
production?	1
reason,	1
rests	1
root	1
root	1
root	1
root	1
root	1
scourge	1
sell,	1
so	1
so	1
strong	1
symbol	1
tears,	1
the	1
the	1
the	1
the	1
the	1
the	1
the	1
the	1
the	1
the	1
the	1
the	1
the	1
the	1
the	1
the	1
the	1
the	1
the	1
the	1
the	1
the	1
the	1
the	1
the	1
the	1
the	1
the	1
the	1
the	1
the	1
the	1
the	1
the	1
the	1
the	1
the	1
the	1
the	1
the	1
the	1
the	1
the	1
the	1
the	1
the	1
the	1
the	1
the	1
the	1
the	1
the	1
the	1
the	1
the	1
the	1
the	1
the	1
the	1
the	1
the	1
the	1
the	1
the	1
the	1
the	1
the	1
the	1
the	1
the	1
the	1
the	1
the	1
the	1
the	1
the	1
the	1
the	1
the	1
them.	1
think	1
time.	1
tool	1
tool	1
tool	1
traders.	1
unless	1
value.	1
was	1
weight	1
wherever	1
will	1
will	1
will	1
will	1
will	1
will	1
will	1
wish	1
work	1
you	1
you	1
you	1
you	1
you	1
you	1
you	1
you	1
you	1
you	1
you	1
you	1
you	1
you	1
you	1
you	1
you	1
you	1
you	1
you	1
you	1
you	1
you	1
you	1
you	1
you	1
