-	1
-	1
-	1
-	1
-	1
-	1
-	1
-	1
-	1
-	1
able	1
able	1
ambitious	1
another	1
as	1
as	1
axiom	1
before	1
bond	1
burden,	1
by	1
by	1
by	1
by	1
by	1
by	1
by	1
by	1
by	1
by	1
by	1
by	1
by	1
by	1
by	1
by	1
by	1
capacity	1
claim	1
claim	1
consume	1
dare	1
degree	1
degree	1
did	1
each	1
effort.	1
every	1
every	1
exchange,	1
expense	1
expense	1
expense	1
expense	1
expense	1
first	1
force,	1
gain,	1
good	1
grow	1
has	1
has	1
highest	1
hope	1
intelligent	1
is	1
is	1
is	1
is	1
is	1
is	1
is	1
is	1
is	1
is	1
is	1
is	1
is	1
is	1
is	1
is	1
is	1
is	1
is	1
is	1
is	1
is	1
is	1
is	1
is	1
is	1
is	1
is	1
is	1
is	1
knowledge	1
lazy?	1
look	1
looters,	1
man's	1
man's	1
man's	1
means	1
means	1
means	1
mind.	1
money?	1
moral	1
motor	1
mutual	1
nothing	1
offer	1
only	1
only	1
only	1
owner	1
performance,	1
possible	1
produce	1
product	1
product	1
product	1
product	1
provide	1
replace	1
replace	1
reward.	1
say	1
seizing	1
should	1
strength	1
strength	1
survive	1
tears	1
that	1
that	1
that	1
that	1
that	1
that	1
that	1
that	1
that	1
that	1
that	1
that	1
that	1
that	1
that	1
that	1
that	1
that	1
that	1
that	1
them,	1
they	1
they	1
they	1
those	1
those	1
those	1
those	1
tomorrow.	1
trade?with	1
unforced	1
value	1
value	1
value	1
wallet	1
wallet	1
wealth	1
wealth	1
when	1
when	1
whose	1
wins,	1
without	1
wounds	1
yourself	1
