ability.	1
allows	1
and	1
and	1
and	1
and	1
and	1
and	1
and	1
and	1
and	1
and	1
and	1
around	1
attempt	1
been	1
best	1
best	1
best	1
best	1
brutes.	1
buy,	1
can't	1
can't	1
choice	1
consider	1
consider	1
consider	1
d'anconia.	1
default	1
desires.	1
driver.	1
effort,	1
ever	1
ever	1
ever	1
exchange	1
exchange	1
exchange	1
existence	1
find.	1
for	1
for	1
for	1
for	1
for	1
for	1
for	1
for	1
for	1
for	1
from	1
gold,	1
goods.	1
hadoop	1
hadoop	1
hello	1
hello	1
honor	1
injury,	1
invents	1
judgment	1
judgment	1
law	1
live	1
looters	1
man	1
man	1
man	1
man	1
man	1
mean?	1
mind	1
mind	1
mind	1
money.	1
money.	1
money.	1
moochers,	1
motions	1
must	1
must	1
must	1
not	1
not	1
not	1
not	1
not	1
not	1
not	1
not	1
not	1
not	1
not	1
not	1
not	1
not	1
not	1
not	1
not	1
of	1
of	1
of	1
of	1
of	1
of	1
of	1
of	1
of	1
of	1
of	1
of	1
of	1
of	1
of	1
of	1
of	1
of	1
of	1
of	1
of	1
of	1
of	1
of	1
of	1
of	1
of	1
of	1
of	1
of	1
of	1
of	1
of	1
of	1
of	1
of	1
of	1
of	1
of	1
of	1
of	1
of	1
of	1
of	1
of	1
of	1
of	1
of	1
of	1
of	1
one	1
one	1
own	1
own	1
payment	1
pieces	1
pieces	1
principle	1
principle	1
produced.	1
products	1
recognition	1
recognition	1
reverse	1
satisfaction	1
seek	1
shoddiest	1
statement	1
suffering,	1
talent	1
than	1
them	1
there	1
there	1
this	1
this	1
this	1
this	1
token	1
trade	1
trade	1
trade	1
try	1
try	1
upon	1
voluntary	1
weakness	1
wheat	1
who	1
who	1
who	1
who	1
who	1
who	1
who	1
who	1
who	1
who	1
who	1
who	1
who	1
who	1
who	1
willing	1
with	1
with	1
worth	1
your	1
your	1
your	1
your	1
your	1
your	1
your	1
your	1
your	1
your	1
your	1
your	1
your	1
your	1
your	1
