a	7
accept	1
among	1
arbiter	1
asked	1
be	1
benefit	1
born	1
but	9
bye	1
carry	1
code	2
conviction	1
deal	2
demands	3
discover	1
earth.	1
electric	1
evil?	4
exist	1
extent	1
food	1
force.	1
generator	1
goodbye	1
guns	2
have	3
his	5
in	5
into	1
it	13
knows	1
learn	1
looked	1
loss	1
man,	1
men	13
misery	1
mooched	1
more	1
muscles.	1
need	1
obtain	2
offer,	1
or	4
paper	1
permits	2
power	1
produce.	2
production?	1
reason,	1
rests	1
root	5
scourge	1
sell,	1
so	2
strong	1
symbol	1
tears,	1
the	79
them.	1
think	1
time.	1
tool	3
traders.	1
unless	1
value.	1
was	1
weight	1
wherever	1
will	7
wish	1
work	1
you	26
